Determining if the pthread_create exist failed with the following output:
Change Dir: /home/nvidia/olaf/build_isolated/rosserial_vex_cortex/CMakeFiles/CMakeTmp

Run Build Command:"/usr/bin/ninja" "cmTC_9a29d"
[1/2] Building C object CMakeFiles/cmTC_9a29d.dir/CheckSymbolExists.c.o
[2/2] Linking C executable cmTC_9a29d
FAILED: : && /usr/bin/cc     CMakeFiles/cmTC_9a29d.dir/CheckSymbolExists.c.o  -o cmTC_9a29d  -rdynamic && :
CMakeFiles/cmTC_9a29d.dir/CheckSymbolExists.c.o: In function `main':
CheckSymbolExists.c:(.text+0x14): undefined reference to `pthread_create'
CheckSymbolExists.c:(.text+0x18): undefined reference to `pthread_create'
collect2: error: ld returned 1 exit status
ninja: build stopped: subcommand failed.

File /home/nvidia/olaf/build_isolated/rosserial_vex_cortex/CMakeFiles/CMakeTmp/CheckSymbolExists.c:
/* */
#include <pthread.h>

int main(int argc, char** argv)
{
  (void)argv;
#ifndef pthread_create
  return ((int*)(&pthread_create))[argc];
#else
  (void)argc;
  return 0;
#endif
}

Determining if the function pthread_create exists in the pthreads failed with the following output:
Change Dir: /home/nvidia/olaf/build_isolated/rosserial_vex_cortex/CMakeFiles/CMakeTmp

Run Build Command:"/usr/bin/ninja" "cmTC_5000e"
[1/2] Building C object CMakeFiles/cmTC_5000e.dir/CheckFunctionExists.c.o
[2/2] Linking C executable cmTC_5000e
FAILED: : && /usr/bin/cc  -DCHECK_FUNCTION_EXISTS=pthread_create   CMakeFiles/cmTC_5000e.dir/CheckFunctionExists.c.o  -o cmTC_5000e  -rdynamic -lpthreads && :
/usr/bin/ld: cannot find -lpthreads
collect2: error: ld returned 1 exit status
ninja: build stopped: subcommand failed.


