Determining if the pthread_create exist failed with the following output:
Change Dir: /home/nvidia/olaf/build/CMakeFiles/CMakeTmp

Run Build Command:"/usr/bin/make" "cmTC_d5525/fast"
/usr/bin/make -f CMakeFiles/cmTC_d5525.dir/build.make CMakeFiles/cmTC_d5525.dir/build
make[1]: Entering directory '/home/nvidia/olaf/build/CMakeFiles/CMakeTmp'
Building C object CMakeFiles/cmTC_d5525.dir/CheckSymbolExists.c.o
/usr/bin/cc     -o CMakeFiles/cmTC_d5525.dir/CheckSymbolExists.c.o   -c /home/nvidia/olaf/build/CMakeFiles/CMakeTmp/CheckSymbolExists.c
Linking C executable cmTC_d5525
/usr/bin/cmake -E cmake_link_script CMakeFiles/cmTC_d5525.dir/link.txt --verbose=1
/usr/bin/cc       CMakeFiles/cmTC_d5525.dir/CheckSymbolExists.c.o  -o cmTC_d5525 -rdynamic 
CMakeFiles/cmTC_d5525.dir/CheckSymbolExists.c.o: In function `main':
CheckSymbolExists.c:(.text+0x14): undefined reference to `pthread_create'
CheckSymbolExists.c:(.text+0x18): undefined reference to `pthread_create'
collect2: error: ld returned 1 exit status
CMakeFiles/cmTC_d5525.dir/build.make:97: recipe for target 'cmTC_d5525' failed
make[1]: *** [cmTC_d5525] Error 1
make[1]: Leaving directory '/home/nvidia/olaf/build/CMakeFiles/CMakeTmp'
Makefile:126: recipe for target 'cmTC_d5525/fast' failed
make: *** [cmTC_d5525/fast] Error 2

File /home/nvidia/olaf/build/CMakeFiles/CMakeTmp/CheckSymbolExists.c:
/* */
#include <pthread.h>

int main(int argc, char** argv)
{
  (void)argv;
#ifndef pthread_create
  return ((int*)(&pthread_create))[argc];
#else
  (void)argc;
  return 0;
#endif
}

Determining if the function pthread_create exists in the pthreads failed with the following output:
Change Dir: /home/nvidia/olaf/build/CMakeFiles/CMakeTmp

Run Build Command:"/usr/bin/make" "cmTC_ed770/fast"
/usr/bin/make -f CMakeFiles/cmTC_ed770.dir/build.make CMakeFiles/cmTC_ed770.dir/build
make[1]: Entering directory '/home/nvidia/olaf/build/CMakeFiles/CMakeTmp'
Building C object CMakeFiles/cmTC_ed770.dir/CheckFunctionExists.c.o
/usr/bin/cc    -DCHECK_FUNCTION_EXISTS=pthread_create   -o CMakeFiles/cmTC_ed770.dir/CheckFunctionExists.c.o   -c /usr/share/cmake-3.5/Modules/CheckFunctionExists.c
Linking C executable cmTC_ed770
/usr/bin/cmake -E cmake_link_script CMakeFiles/cmTC_ed770.dir/link.txt --verbose=1
/usr/bin/cc   -DCHECK_FUNCTION_EXISTS=pthread_create    CMakeFiles/cmTC_ed770.dir/CheckFunctionExists.c.o  -o cmTC_ed770 -rdynamic -lpthreads 
/usr/bin/ld: cannot find -lpthreads
collect2: error: ld returned 1 exit status
CMakeFiles/cmTC_ed770.dir/build.make:97: recipe for target 'cmTC_ed770' failed
make[1]: *** [cmTC_ed770] Error 1
make[1]: Leaving directory '/home/nvidia/olaf/build/CMakeFiles/CMakeTmp'
Makefile:126: recipe for target 'cmTC_ed770/fast' failed
make: *** [cmTC_ed770/fast] Error 2


