Determining if the pthread_create exist failed with the following output:
Change Dir: /home/nvidia/olaf/build_isolated/ublox_msgs/CMakeFiles/CMakeTmp

Run Build Command:"/usr/bin/ninja" "cmTC_a59be"
[1/2] Building C object CMakeFiles/cmTC_a59be.dir/CheckSymbolExists.c.o
[2/2] Linking C executable cmTC_a59be
FAILED: : && /usr/bin/cc     CMakeFiles/cmTC_a59be.dir/CheckSymbolExists.c.o  -o cmTC_a59be  -rdynamic && :
CMakeFiles/cmTC_a59be.dir/CheckSymbolExists.c.o: In function `main':
CheckSymbolExists.c:(.text+0x14): undefined reference to `pthread_create'
CheckSymbolExists.c:(.text+0x18): undefined reference to `pthread_create'
collect2: error: ld returned 1 exit status
ninja: build stopped: subcommand failed.

File /home/nvidia/olaf/build_isolated/ublox_msgs/CMakeFiles/CMakeTmp/CheckSymbolExists.c:
/* */
#include <pthread.h>

int main(int argc, char** argv)
{
  (void)argv;
#ifndef pthread_create
  return ((int*)(&pthread_create))[argc];
#else
  (void)argc;
  return 0;
#endif
}

Determining if the function pthread_create exists in the pthreads failed with the following output:
Change Dir: /home/nvidia/olaf/build_isolated/ublox_msgs/CMakeFiles/CMakeTmp

Run Build Command:"/usr/bin/ninja" "cmTC_55e54"
[1/2] Building C object CMakeFiles/cmTC_55e54.dir/CheckFunctionExists.c.o
[2/2] Linking C executable cmTC_55e54
FAILED: : && /usr/bin/cc  -DCHECK_FUNCTION_EXISTS=pthread_create   CMakeFiles/cmTC_55e54.dir/CheckFunctionExists.c.o  -o cmTC_55e54  -rdynamic -lpthreads && :
/usr/bin/ld: cannot find -lpthreads
collect2: error: ld returned 1 exit status
ninja: build stopped: subcommand failed.


