Determining if the pthread_create exist failed with the following output:
Change Dir: /home/nvidia/olaf/build_isolated/cartographer_rviz/abseil/src/abseil-build/CMakeFiles/CMakeTmp

Run Build Command:"/usr/bin/ninja" "cmTC_86cd8"
[1/2] Building C object CMakeFiles/cmTC_86cd8.dir/CheckSymbolExists.c.o
[2/2] Linking C executable cmTC_86cd8
FAILED: : && /usr/bin/cc     CMakeFiles/cmTC_86cd8.dir/CheckSymbolExists.c.o  -o cmTC_86cd8  -rdynamic && :
CMakeFiles/cmTC_86cd8.dir/CheckSymbolExists.c.o: In function `main':
CheckSymbolExists.c:(.text+0x14): undefined reference to `pthread_create'
CheckSymbolExists.c:(.text+0x18): undefined reference to `pthread_create'
collect2: error: ld returned 1 exit status
ninja: build stopped: subcommand failed.

File /home/nvidia/olaf/build_isolated/cartographer_rviz/abseil/src/abseil-build/CMakeFiles/CMakeTmp/CheckSymbolExists.c:
/* */
#include <pthread.h>

int main(int argc, char** argv)
{
  (void)argv;
#ifndef pthread_create
  return ((int*)(&pthread_create))[argc];
#else
  (void)argc;
  return 0;
#endif
}

Determining if the function pthread_create exists in the pthreads failed with the following output:
Change Dir: /home/nvidia/olaf/build_isolated/cartographer_rviz/abseil/src/abseil-build/CMakeFiles/CMakeTmp

Run Build Command:"/usr/bin/ninja" "cmTC_8875e"
[1/2] Building C object CMakeFiles/cmTC_8875e.dir/CheckFunctionExists.c.o
[2/2] Linking C executable cmTC_8875e
FAILED: : && /usr/bin/cc  -DCHECK_FUNCTION_EXISTS=pthread_create   CMakeFiles/cmTC_8875e.dir/CheckFunctionExists.c.o  -o cmTC_8875e  -rdynamic -lpthreads && :
/usr/bin/ld: cannot find -lpthreads
collect2: error: ld returned 1 exit status
ninja: build stopped: subcommand failed.


